<?xml version="1.0" encoding="utf-8"?>
<CoverageSession xmlns:xsd="http://www.w3.org/2001/XMLSchema" xmlns:xsi="http://www.w3.org/2001/XMLSchema-instance" Version="0.0.0.0">
  <Summary numSequencePoints="89" visitedSequencePoints="89" numBranchPoints="0" visitedBranchPoints="0" sequenceCoverage="100.0" branchCoverage="0.0" maxCyclomaticComplexity="0" minCyclomaticComplexity="0" maxCrapScore="0" minCrapScore="0" visitedClasses="1" numClasses="1" visitedMethods="8" numMethods="8" />
  <Modules>
    <Module>
      <Summary numSequencePoints="89" visitedSequencePoints="89" numBranchPoints="0" visitedBranchPoints="0" sequenceCoverage="100.0" branchCoverage="0.0" maxCyclomaticComplexity="0" minCyclomaticComplexity="0" maxCrapScore="0" minCrapScore="0" visitedClasses="1" numClasses="1" visitedMethods="8" numMethods="8" />
      <ModuleTime>0001-01-01T00:00:00</ModuleTime>
      <ModuleName>Tests</ModuleName>
      <Files>
        <File uid="1" fullPath="C:/Users/Joel-/Desktop/Civ_Data/Mjukvaru/Bomb-IT/Assets/Tests/TestingInUnity.cs" />
      </Files>
      <Classes>
        <Class>
          <Summary numSequencePoints="89" visitedSequencePoints="89" numBranchPoints="0" visitedBranchPoints="0" sequenceCoverage="100.0" branchCoverage="0.0" maxCyclomaticComplexity="0" minCyclomaticComplexity="0" maxCrapScore="0" minCrapScore="0" visitedClasses="1" numClasses="1" visitedMethods="8" numMethods="8" />
          <FullName>TestingInUnity</FullName>
          <Methods>
            <Method visited="true" cyclomaticComplexity="0" nPathComplexity="0" sequenceCoverage="100.0" branchCoverage="0" crapScore="0" isConstructor="false" isStatic="false" isGetter="false" isSetter="false">
              <Summary numSequencePoints="3" visitedSequencePoints="3" numBranchPoints="0" visitedBranchPoints="0" sequenceCoverage="100.0" branchCoverage="0" maxCyclomaticComplexity="0" minCyclomaticComplexity="0" maxCrapScore="0" minCrapScore="0" visitedClasses="0" numClasses="0" visitedMethods="1" numMethods="1" />
              <MetadataToken>100663300</MetadataToken>
              <Name>System.Void TestingInUnity::TestPositiveXAxis()</Name>
              <FileRef uid="1" />
              <SequencePoints>
                <SequencePoint vc="1" uspid="90" ordinal="0" offset="0" sl="10" sc="5" el="10" ec="5" bec="0" bev="0" fileid="1" />
                <SequencePoint vc="1" uspid="91" ordinal="0" offset="1" sl="11" sc="9" el="11" ec="9" bec="0" bev="0" fileid="1" />
                <SequencePoint vc="1" uspid="92" ordinal="0" offset="48" sl="12" sc="5" el="12" ec="5" bec="0" bev="0" fileid="1" />
              </SequencePoints>
              <BranchPoints />
            </Method>
            <Method visited="true" cyclomaticComplexity="0" nPathComplexity="0" sequenceCoverage="100.0" branchCoverage="0" crapScore="0" isConstructor="false" isStatic="false" isGetter="false" isSetter="false">
              <Summary numSequencePoints="3" visitedSequencePoints="3" numBranchPoints="0" visitedBranchPoints="0" sequenceCoverage="100.0" branchCoverage="0" maxCyclomaticComplexity="0" minCyclomaticComplexity="0" maxCrapScore="0" minCrapScore="0" visitedClasses="0" numClasses="0" visitedMethods="1" numMethods="1" />
              <MetadataToken>100663301</MetadataToken>
              <Name>System.Void TestingInUnity::TestNegativeXAxis()</Name>
              <FileRef uid="1" />
              <SequencePoints>
                <SequencePoint vc="1" uspid="93" ordinal="0" offset="0" sl="16" sc="5" el="16" ec="5" bec="0" bev="0" fileid="1" />
                <SequencePoint vc="1" uspid="94" ordinal="0" offset="1" sl="17" sc="9" el="17" ec="9" bec="0" bev="0" fileid="1" />
                <SequencePoint vc="1" uspid="95" ordinal="0" offset="48" sl="18" sc="5" el="18" ec="5" bec="0" bev="0" fileid="1" />
              </SequencePoints>
              <BranchPoints />
            </Method>
            <Method visited="true" cyclomaticComplexity="0" nPathComplexity="0" sequenceCoverage="100.0" branchCoverage="0" crapScore="0" isConstructor="false" isStatic="false" isGetter="false" isSetter="false">
              <Summary numSequencePoints="3" visitedSequencePoints="3" numBranchPoints="0" visitedBranchPoints="0" sequenceCoverage="100.0" branchCoverage="0" maxCyclomaticComplexity="0" minCyclomaticComplexity="0" maxCrapScore="0" minCrapScore="0" visitedClasses="0" numClasses="0" visitedMethods="1" numMethods="1" />
              <MetadataToken>100663302</MetadataToken>
              <Name>System.Void TestingInUnity::TestPositiveYAxis()</Name>
              <FileRef uid="1" />
              <SequencePoints>
                <SequencePoint vc="1" uspid="96" ordinal="0" offset="0" sl="22" sc="5" el="22" ec="5" bec="0" bev="0" fileid="1" />
                <SequencePoint vc="1" uspid="97" ordinal="0" offset="1" sl="23" sc="9" el="23" ec="9" bec="0" bev="0" fileid="1" />
                <SequencePoint vc="1" uspid="98" ordinal="0" offset="48" sl="24" sc="5" el="24" ec="5" bec="0" bev="0" fileid="1" />
              </SequencePoints>
              <BranchPoints />
            </Method>
            <Method visited="true" cyclomaticComplexity="0" nPathComplexity="0" sequenceCoverage="100.0" branchCoverage="0" crapScore="0" isConstructor="false" isStatic="false" isGetter="false" isSetter="false">
              <Summary numSequencePoints="3" visitedSequencePoints="3" numBranchPoints="0" visitedBranchPoints="0" sequenceCoverage="100.0" branchCoverage="0" maxCyclomaticComplexity="0" minCyclomaticComplexity="0" maxCrapScore="0" minCrapScore="0" visitedClasses="0" numClasses="0" visitedMethods="1" numMethods="1" />
              <MetadataToken>100663303</MetadataToken>
              <Name>System.Void TestingInUnity::TestNegativeYAxis()</Name>
              <FileRef uid="1" />
              <SequencePoints>
                <SequencePoint vc="1" uspid="99" ordinal="0" offset="0" sl="28" sc="5" el="28" ec="5" bec="0" bev="0" fileid="1" />
                <SequencePoint vc="1" uspid="100" ordinal="0" offset="1" sl="29" sc="9" el="29" ec="9" bec="0" bev="0" fileid="1" />
                <SequencePoint vc="1" uspid="101" ordinal="0" offset="48" sl="30" sc="5" el="30" ec="5" bec="0" bev="0" fileid="1" />
              </SequencePoints>
              <BranchPoints />
            </Method>
            <Method visited="true" cyclomaticComplexity="0" nPathComplexity="0" sequenceCoverage="100.0" branchCoverage="0" crapScore="0" isConstructor="false" isStatic="false" isGetter="false" isSetter="false">
              <Summary numSequencePoints="27" visitedSequencePoints="27" numBranchPoints="0" visitedBranchPoints="0" sequenceCoverage="100.0" branchCoverage="0" maxCyclomaticComplexity="0" minCyclomaticComplexity="0" maxCrapScore="0" minCrapScore="0" visitedClasses="0" numClasses="0" visitedMethods="1" numMethods="1" />
              <MetadataToken>100663304</MetadataToken>
              <Name>System.Void TestingInUnity::TestMapGen2Player()</Name>
              <FileRef uid="1" />
              <SequencePoints>
                <SequencePoint vc="1" uspid="102" ordinal="0" offset="0" sl="38" sc="5" el="38" ec="5" bec="0" bev="0" fileid="1" />
                <SequencePoint vc="1" uspid="103" ordinal="0" offset="1" sl="39" sc="9" el="39" ec="9" bec="0" bev="0" fileid="1" />
                <SequencePoint vc="1" uspid="104" ordinal="0" offset="8" sl="40" sc="9" el="40" ec="9" bec="0" bev="0" fileid="1" />
                <SequencePoint vc="1" uspid="105" ordinal="0" offset="25" sl="41" sc="9" el="41" ec="9" bec="0" bev="0" fileid="1" />
                <SequencePoint vc="1" uspid="106" ordinal="0" offset="43" sl="42" sc="9" el="42" ec="9" bec="0" bev="0" fileid="1" />
                <SequencePoint vc="1" uspid="107" ordinal="0" offset="61" sl="43" sc="9" el="43" ec="9" bec="0" bev="0" fileid="1" />
                <SequencePoint vc="1" uspid="108" ordinal="0" offset="79" sl="45" sc="9" el="45" ec="9" bec="0" bev="0" fileid="1" />
                <SequencePoint vc="1" uspid="109" ordinal="0" offset="81" sl="46" sc="9" el="46" ec="9" bec="0" bev="0" fileid="1" />
                <SequencePoint vc="1" uspid="110" ordinal="0" offset="97" sl="47" sc="9" el="47" ec="9" bec="0" bev="0" fileid="1" />
                <SequencePoint vc="1" uspid="111" ordinal="0" offset="98" sl="48" sc="18" el="48" ec="18" bec="0" bev="0" fileid="1" />
                <SequencePoint vc="13" uspid="112" ordinal="0" offset="102" sl="49" sc="13" el="49" ec="13" bec="0" bev="0" fileid="1" />
                <SequencePoint vc="13" uspid="113" ordinal="0" offset="103" sl="50" sc="22" el="50" ec="22" bec="0" bev="0" fileid="1" />
                <SequencePoint vc="169" uspid="114" ordinal="0" offset="107" sl="51" sc="17" el="51" ec="17" bec="0" bev="0" fileid="1" />
                <SequencePoint vc="169" uspid="115" ordinal="0" offset="108" sl="52" sc="21" el="52" ec="21" bec="0" bev="0" fileid="1" />
                <SequencePoint vc="25" uspid="116" ordinal="0" offset="140" sl="53" sc="21" el="53" ec="21" bec="0" bev="0" fileid="1" />
                <SequencePoint vc="25" uspid="117" ordinal="0" offset="141" sl="54" sc="25" el="54" ec="25" bec="0" bev="0" fileid="1" />
                <SequencePoint vc="25" uspid="118" ordinal="0" offset="168" sl="54" sc="75" el="54" ec="75" bec="0" bev="0" fileid="1" />
                <SequencePoint vc="25" uspid="119" ordinal="0" offset="172" sl="55" sc="21" el="55" ec="21" bec="0" bev="0" fileid="1" />
                <SequencePoint vc="169" uspid="120" ordinal="0" offset="173" sl="57" sc="17" el="57" ec="17" bec="0" bev="0" fileid="1" />
                <SequencePoint vc="169" uspid="121" ordinal="0" offset="174" sl="50" sc="74" el="50" ec="74" bec="0" bev="0" fileid="1" />
                <SequencePoint vc="182" uspid="122" ordinal="0" offset="178" sl="50" sc="33" el="50" ec="33" bec="0" bev="0" fileid="1" />
                <SequencePoint vc="13" uspid="123" ordinal="0" offset="204" sl="58" sc="13" el="58" ec="13" bec="0" bev="0" fileid="1" />
                <SequencePoint vc="13" uspid="124" ordinal="0" offset="205" sl="48" sc="70" el="48" ec="70" bec="0" bev="0" fileid="1" />
                <SequencePoint vc="14" uspid="125" ordinal="0" offset="209" sl="48" sc="29" el="48" ec="29" bec="0" bev="0" fileid="1" />
                <SequencePoint vc="1" uspid="126" ordinal="0" offset="238" sl="59" sc="13" el="59" ec="13" bec="0" bev="0" fileid="1" />
                <SequencePoint vc="1" uspid="127" ordinal="0" offset="257" sl="60" sc="9" el="60" ec="9" bec="0" bev="0" fileid="1" />
                <SequencePoint vc="1" uspid="128" ordinal="0" offset="258" sl="61" sc="5" el="61" ec="5" bec="0" bev="0" fileid="1" />
              </SequencePoints>
              <BranchPoints />
            </Method>
            <Method visited="true" cyclomaticComplexity="0" nPathComplexity="0" sequenceCoverage="100.0" branchCoverage="0" crapScore="0" isConstructor="false" isStatic="false" isGetter="false" isSetter="false">
              <Summary numSequencePoints="24" visitedSequencePoints="24" numBranchPoints="0" visitedBranchPoints="0" sequenceCoverage="100.0" branchCoverage="0" maxCyclomaticComplexity="0" minCyclomaticComplexity="0" maxCrapScore="0" minCrapScore="0" visitedClasses="0" numClasses="0" visitedMethods="1" numMethods="1" />
              <MetadataToken>100663305</MetadataToken>
              <Name>System.Void TestingInUnity::TestMapGen4Player()</Name>
              <FileRef uid="1" />
              <SequencePoints>
                <SequencePoint vc="1" uspid="129" ordinal="0" offset="0" sl="64" sc="5" el="64" ec="5" bec="0" bev="0" fileid="1" />
                <SequencePoint vc="1" uspid="130" ordinal="0" offset="1" sl="65" sc="9" el="65" ec="9" bec="0" bev="0" fileid="1" />
                <SequencePoint vc="1" uspid="131" ordinal="0" offset="8" sl="66" sc="9" el="66" ec="9" bec="0" bev="0" fileid="1" />
                <SequencePoint vc="1" uspid="132" ordinal="0" offset="25" sl="67" sc="9" el="67" ec="9" bec="0" bev="0" fileid="1" />
                <SequencePoint vc="1" uspid="133" ordinal="0" offset="43" sl="68" sc="9" el="68" ec="9" bec="0" bev="0" fileid="1" />
                <SequencePoint vc="1" uspid="134" ordinal="0" offset="61" sl="69" sc="9" el="69" ec="9" bec="0" bev="0" fileid="1" />
                <SequencePoint vc="1" uspid="135" ordinal="0" offset="79" sl="70" sc="9" el="70" ec="9" bec="0" bev="0" fileid="1" />
                <SequencePoint vc="1" uspid="136" ordinal="0" offset="81" sl="72" sc="14" el="72" ec="14" bec="0" bev="0" fileid="1" />
                <SequencePoint vc="15" uspid="137" ordinal="0" offset="85" sl="73" sc="9" el="73" ec="9" bec="0" bev="0" fileid="1" />
                <SequencePoint vc="15" uspid="138" ordinal="0" offset="86" sl="74" sc="18" el="74" ec="18" bec="0" bev="0" fileid="1" />
                <SequencePoint vc="225" uspid="139" ordinal="0" offset="90" sl="75" sc="13" el="75" ec="13" bec="0" bev="0" fileid="1" />
                <SequencePoint vc="225" uspid="140" ordinal="0" offset="91" sl="76" sc="17" el="76" ec="17" bec="0" bev="0" fileid="1" />
                <SequencePoint vc="57" uspid="141" ordinal="0" offset="141" sl="77" sc="17" el="77" ec="17" bec="0" bev="0" fileid="1" />
                <SequencePoint vc="57" uspid="142" ordinal="0" offset="142" sl="78" sc="21" el="78" ec="21" bec="0" bev="0" fileid="1" />
                <SequencePoint vc="57" uspid="143" ordinal="0" offset="169" sl="78" sc="71" el="78" ec="71" bec="0" bev="0" fileid="1" />
                <SequencePoint vc="57" uspid="144" ordinal="0" offset="173" sl="79" sc="17" el="79" ec="17" bec="0" bev="0" fileid="1" />
                <SequencePoint vc="225" uspid="145" ordinal="0" offset="174" sl="80" sc="13" el="80" ec="13" bec="0" bev="0" fileid="1" />
                <SequencePoint vc="225" uspid="146" ordinal="0" offset="175" sl="74" sc="70" el="74" ec="70" bec="0" bev="0" fileid="1" />
                <SequencePoint vc="240" uspid="147" ordinal="0" offset="179" sl="74" sc="29" el="74" ec="29" bec="0" bev="0" fileid="1" />
                <SequencePoint vc="15" uspid="148" ordinal="0" offset="205" sl="81" sc="9" el="81" ec="9" bec="0" bev="0" fileid="1" />
                <SequencePoint vc="15" uspid="149" ordinal="0" offset="206" sl="72" sc="66" el="72" ec="66" bec="0" bev="0" fileid="1" />
                <SequencePoint vc="16" uspid="150" ordinal="0" offset="210" sl="72" sc="25" el="72" ec="25" bec="0" bev="0" fileid="1" />
                <SequencePoint vc="1" uspid="151" ordinal="0" offset="239" sl="82" sc="9" el="82" ec="9" bec="0" bev="0" fileid="1" />
                <SequencePoint vc="1" uspid="152" ordinal="0" offset="258" sl="83" sc="5" el="83" ec="5" bec="0" bev="0" fileid="1" />
              </SequencePoints>
              <BranchPoints />
            </Method>
            <Method visited="true" cyclomaticComplexity="0" nPathComplexity="0" sequenceCoverage="100.0" branchCoverage="0" crapScore="0" isConstructor="false" isStatic="false" isGetter="false" isSetter="false">
              <Summary numSequencePoints="24" visitedSequencePoints="24" numBranchPoints="0" visitedBranchPoints="0" sequenceCoverage="100.0" branchCoverage="0" maxCyclomaticComplexity="0" minCyclomaticComplexity="0" maxCrapScore="0" minCrapScore="0" visitedClasses="0" numClasses="0" visitedMethods="1" numMethods="1" />
              <MetadataToken>100663306</MetadataToken>
              <Name>System.Void TestingInUnity::TestMapGen6Player()</Name>
              <FileRef uid="1" />
              <SequencePoints>
                <SequencePoint vc="1" uspid="153" ordinal="0" offset="0" sl="87" sc="5" el="87" ec="5" bec="0" bev="0" fileid="1" />
                <SequencePoint vc="1" uspid="154" ordinal="0" offset="1" sl="88" sc="9" el="88" ec="9" bec="0" bev="0" fileid="1" />
                <SequencePoint vc="1" uspid="155" ordinal="0" offset="8" sl="89" sc="9" el="89" ec="9" bec="0" bev="0" fileid="1" />
                <SequencePoint vc="1" uspid="156" ordinal="0" offset="25" sl="90" sc="9" el="90" ec="9" bec="0" bev="0" fileid="1" />
                <SequencePoint vc="1" uspid="157" ordinal="0" offset="43" sl="91" sc="9" el="91" ec="9" bec="0" bev="0" fileid="1" />
                <SequencePoint vc="1" uspid="158" ordinal="0" offset="61" sl="92" sc="9" el="92" ec="9" bec="0" bev="0" fileid="1" />
                <SequencePoint vc="1" uspid="159" ordinal="0" offset="79" sl="93" sc="9" el="93" ec="9" bec="0" bev="0" fileid="1" />
                <SequencePoint vc="1" uspid="160" ordinal="0" offset="81" sl="95" sc="14" el="95" ec="14" bec="0" bev="0" fileid="1" />
                <SequencePoint vc="21" uspid="161" ordinal="0" offset="85" sl="96" sc="9" el="96" ec="9" bec="0" bev="0" fileid="1" />
                <SequencePoint vc="21" uspid="162" ordinal="0" offset="86" sl="97" sc="18" el="97" ec="18" bec="0" bev="0" fileid="1" />
                <SequencePoint vc="525" uspid="163" ordinal="0" offset="90" sl="98" sc="13" el="98" ec="13" bec="0" bev="0" fileid="1" />
                <SequencePoint vc="525" uspid="164" ordinal="0" offset="91" sl="99" sc="17" el="99" ec="17" bec="0" bev="0" fileid="1" />
                <SequencePoint vc="85" uspid="165" ordinal="0" offset="116" sl="100" sc="17" el="100" ec="17" bec="0" bev="0" fileid="1" />
                <SequencePoint vc="85" uspid="166" ordinal="0" offset="117" sl="101" sc="21" el="101" ec="21" bec="0" bev="0" fileid="1" />
                <SequencePoint vc="85" uspid="167" ordinal="0" offset="144" sl="101" sc="71" el="101" ec="71" bec="0" bev="0" fileid="1" />
                <SequencePoint vc="85" uspid="168" ordinal="0" offset="148" sl="102" sc="17" el="102" ec="17" bec="0" bev="0" fileid="1" />
                <SequencePoint vc="525" uspid="169" ordinal="0" offset="149" sl="103" sc="13" el="103" ec="13" bec="0" bev="0" fileid="1" />
                <SequencePoint vc="525" uspid="170" ordinal="0" offset="150" sl="97" sc="70" el="97" ec="70" bec="0" bev="0" fileid="1" />
                <SequencePoint vc="546" uspid="171" ordinal="0" offset="154" sl="97" sc="29" el="97" ec="29" bec="0" bev="0" fileid="1" />
                <SequencePoint vc="21" uspid="172" ordinal="0" offset="180" sl="104" sc="9" el="104" ec="9" bec="0" bev="0" fileid="1" />
                <SequencePoint vc="21" uspid="173" ordinal="0" offset="181" sl="95" sc="66" el="95" ec="66" bec="0" bev="0" fileid="1" />
                <SequencePoint vc="22" uspid="174" ordinal="0" offset="185" sl="95" sc="25" el="95" ec="25" bec="0" bev="0" fileid="1" />
                <SequencePoint vc="1" uspid="175" ordinal="0" offset="211" sl="105" sc="9" el="105" ec="9" bec="0" bev="0" fileid="1" />
                <SequencePoint vc="1" uspid="176" ordinal="0" offset="230" sl="106" sc="5" el="106" ec="5" bec="0" bev="0" fileid="1" />
              </SequencePoints>
              <BranchPoints />
            </Method>
            <Method visited="true" cyclomaticComplexity="0" nPathComplexity="0" sequenceCoverage="100.0" branchCoverage="0" crapScore="0" isConstructor="true" isStatic="false" isGetter="false" isSetter="false">
              <Summary numSequencePoints="2" visitedSequencePoints="2" numBranchPoints="0" visitedBranchPoints="0" sequenceCoverage="100.0" branchCoverage="0" maxCyclomaticComplexity="0" minCyclomaticComplexity="0" maxCrapScore="0" minCrapScore="0" visitedClasses="0" numClasses="0" visitedMethods="1" numMethods="1" />
              <MetadataToken>100663307</MetadataToken>
              <Name>TestingInUnity::TestingInUnity()</Name>
              <FileRef uid="1" />
              <SequencePoints>
                <SequencePoint vc="1" uspid="177" ordinal="0" offset="0" sl="6" sc="5" el="6" ec="5" bec="0" bev="0" fileid="1" />
                <SequencePoint vc="1" uspid="178" ordinal="0" offset="11" sl="34" sc="5" el="34" ec="5" bec="0" bev="0" fileid="1" />
              </SequencePoints>
              <BranchPoints />
            </Method>
          </Methods>
        </Class>
      </Classes>
    </Module>
  </Modules>
</CoverageSession>